2025-05-05 16:20:45,117 INFO: Request to / took 0.07s [in D:\1yrh\PythonProject\AppliancePrediction\api\app.py:43]
2025-05-05 16:20:45,309 INFO: Request to /static/images/sustech_logo.png took 0.15s [in D:\1yrh\PythonProject\AppliancePrediction\api\app.py:43]
2025-05-05 16:20:45,311 INFO: Request to /static/images/LOGO.png took 0.15s [in D:\1yrh\PythonProject\AppliancePrediction\api\app.py:43]
2025-05-05 16:20:46,112 INFO: Request to /static/script.js took 0.00s [in D:\1yrh\PythonProject\AppliancePrediction\api\app.py:43]
2025-05-05 16:20:57,746 INFO: Request to /predict took 0.18s [in D:\1yrh\PythonProject\AppliancePrediction\api\app.py:43]
2025-05-05 16:24:01,738 INFO: Request to / took 0.01s [in D:\1yrh\PythonProject\AppliancePrediction\api\app.py:43]
2025-05-05 16:24:01,943 INFO: Request to /static/images/LOGO.png took 0.12s [in D:\1yrh\PythonProject\AppliancePrediction\api\app.py:43]
2025-05-05 16:24:01,948 INFO: Request to /static/images/sustech_logo.png took 0.12s [in D:\1yrh\PythonProject\AppliancePrediction\api\app.py:43]
2025-05-05 16:24:02,607 INFO: Request to /static/script.js took 0.00s [in D:\1yrh\PythonProject\AppliancePrediction\api\app.py:43]
2025-05-05 16:25:25,022 INFO: Request to / took 0.00s [in D:\1yrh\PythonProject\AppliancePrediction\api\app.py:43]
2025-05-05 16:25:25,075 INFO: Request to /static/images/LOGO.png took 0.01s [in D:\1yrh\PythonProject\AppliancePrediction\api\app.py:43]
2025-05-05 16:25:25,083 INFO: Request to /static/images/sustech_logo.png took 0.01s [in D:\1yrh\PythonProject\AppliancePrediction\api\app.py:43]
2025-05-05 16:25:25,951 INFO: Request to /static/script.js took 0.00s [in D:\1yrh\PythonProject\AppliancePrediction\api\app.py:43]
2025-05-05 16:25:39,110 INFO: Request to /predict took 0.10s [in D:\1yrh\PythonProject\AppliancePrediction\api\app.py:43]
2025-05-05 16:27:47,343 INFO: Request to / took 0.01s [in D:\1yrh\PythonProject\AppliancePrediction\api\app.py:43]
2025-05-05 16:27:47,496 INFO: Request to /static/images/sustech_logo.png took 0.12s [in D:\1yrh\PythonProject\AppliancePrediction\api\app.py:43]
2025-05-05 16:27:47,500 INFO: Request to /static/images/LOGO.png took 0.12s [in D:\1yrh\PythonProject\AppliancePrediction\api\app.py:43]
2025-05-05 16:27:48,197 INFO: Request to /static/script.js took 0.00s [in D:\1yrh\PythonProject\AppliancePrediction\api\app.py:43]
2025-05-05 16:29:14,532 INFO: Request to / took 0.03s [in D:\1yrh\PythonProject\AppliancePrediction\api\app.py:43]
2025-05-05 16:29:14,695 INFO: Request to /static/images/LOGO.png took 0.12s [in D:\1yrh\PythonProject\AppliancePrediction\api\app.py:43]
2025-05-05 16:29:14,700 INFO: Request to /static/images/sustech_logo.png took 0.12s [in D:\1yrh\PythonProject\AppliancePrediction\api\app.py:43]
2025-05-05 16:29:15,366 INFO: Request to /static/script.js took 0.00s [in D:\1yrh\PythonProject\AppliancePrediction\api\app.py:43]
2025-05-05 16:29:22,692 INFO: Request to /predict took 0.20s [in D:\1yrh\PythonProject\AppliancePrediction\api\app.py:43]
2025-05-05 16:33:21,997 INFO: Request to / took 0.02s [in D:\1yrh\PythonProject\AppliancePrediction\api\app.py:43]
2025-05-05 16:33:22,160 INFO: Request to /static/images/sustech_logo.png took 0.12s [in D:\1yrh\PythonProject\AppliancePrediction\api\app.py:43]
2025-05-05 16:33:22,162 INFO: Request to /static/images/LOGO.png took 0.13s [in D:\1yrh\PythonProject\AppliancePrediction\api\app.py:43]
2025-05-05 16:33:22,870 INFO: Request to /static/script.js took 0.00s [in D:\1yrh\PythonProject\AppliancePrediction\api\app.py:43]
2025-05-05 16:33:38,136 INFO: Request to /predict took 0.31s [in D:\1yrh\PythonProject\AppliancePrediction\api\app.py:43]
2025-05-05 16:35:36,211 INFO: Request to / took 0.03s [in D:\1yrh\PythonProject\AppliancePrediction\api\app.py:43]
2025-05-05 16:35:36,386 INFO: Request to /static/images/sustech_logo.png took 0.14s [in D:\1yrh\PythonProject\AppliancePrediction\api\app.py:43]
2025-05-05 16:35:36,387 INFO: Request to /static/images/LOGO.png took 0.14s [in D:\1yrh\PythonProject\AppliancePrediction\api\app.py:43]
2025-05-05 16:35:37,117 INFO: Request to /static/script.js took 0.00s [in D:\1yrh\PythonProject\AppliancePrediction\api\app.py:43]
2025-05-05 16:36:43,588 INFO: Request to / took 0.01s [in D:\1yrh\PythonProject\AppliancePrediction\api\app.py:43]
2025-05-05 16:36:43,741 INFO: Request to /static/images/LOGO.png took 0.11s [in D:\1yrh\PythonProject\AppliancePrediction\api\app.py:43]
2025-05-05 16:36:43,746 INFO: Request to /static/images/sustech_logo.png took 0.12s [in D:\1yrh\PythonProject\AppliancePrediction\api\app.py:43]
2025-05-05 16:36:44,419 INFO: Request to /static/script.js took 0.00s [in D:\1yrh\PythonProject\AppliancePrediction\api\app.py:43]
2025-05-05 16:36:57,407 INFO: Request to /predict took 0.20s [in D:\1yrh\PythonProject\AppliancePrediction\api\app.py:43]
2025-05-05 16:39:01,112 INFO: Request to / took 0.02s [in D:\1yrh\PythonProject\AppliancePrediction\api\app.py:43]
2025-05-05 16:39:01,269 INFO: Request to /static/images/LOGO.png took 0.12s [in D:\1yrh\PythonProject\AppliancePrediction\api\app.py:43]
2025-05-05 16:39:01,272 INFO: Request to /static/images/sustech_logo.png took 0.12s [in D:\1yrh\PythonProject\AppliancePrediction\api\app.py:43]
2025-05-05 16:39:02,001 INFO: Request to /static/script.js took 0.00s [in D:\1yrh\PythonProject\AppliancePrediction\api\app.py:43]
2025-05-05 16:40:39,538 INFO: Request to / took 0.02s [in D:\1yrh\PythonProject\AppliancePrediction\api\app.py:43]
2025-05-05 16:40:39,691 INFO: Request to /static/images/LOGO.png took 0.11s [in D:\1yrh\PythonProject\AppliancePrediction\api\app.py:43]
2025-05-05 16:40:39,695 INFO: Request to /static/images/sustech_logo.png took 0.12s [in D:\1yrh\PythonProject\AppliancePrediction\api\app.py:43]
2025-05-05 16:40:40,391 INFO: Request to /static/script.js took 0.00s [in D:\1yrh\PythonProject\AppliancePrediction\api\app.py:43]
2025-05-05 16:41:31,690 INFO: Request to / took 0.01s [in D:\1yrh\PythonProject\AppliancePrediction\api\app.py:43]
2025-05-05 16:41:31,836 INFO: Request to /static/images/LOGO.png took 0.11s [in D:\1yrh\PythonProject\AppliancePrediction\api\app.py:43]
2025-05-05 16:41:31,841 INFO: Request to /static/images/sustech_logo.png took 0.11s [in D:\1yrh\PythonProject\AppliancePrediction\api\app.py:43]
2025-05-05 16:41:32,492 INFO: Request to /static/script.js took 0.00s [in D:\1yrh\PythonProject\AppliancePrediction\api\app.py:43]
2025-05-05 16:41:44,084 INFO: Request to /predict took 0.20s [in D:\1yrh\PythonProject\AppliancePrediction\api\app.py:43]
2025-05-05 16:42:07,751 INFO: Request to / took 0.00s [in D:\1yrh\PythonProject\AppliancePrediction\api\app.py:43]
2025-05-05 16:42:07,819 INFO: Request to /static/images/LOGO.png took 0.01s [in D:\1yrh\PythonProject\AppliancePrediction\api\app.py:43]
2025-05-05 16:42:07,823 INFO: Request to /static/images/sustech_logo.png took 0.00s [in D:\1yrh\PythonProject\AppliancePrediction\api\app.py:43]
2025-05-05 16:42:08,614 INFO: Request to /static/script.js took 0.00s [in D:\1yrh\PythonProject\AppliancePrediction\api\app.py:43]
2025-05-05 16:42:20,801 INFO: Request to /predict took 0.13s [in D:\1yrh\PythonProject\AppliancePrediction\api\app.py:43]
